Arguments: 
  /usr/bin/node /mnt/c/Program Files/nodejs/node_modules/yarn/bin/yarn.js add express

PATH: 
  /usr/local/sbin:/usr/local/bin:/usr/sbin:/usr/bin:/sbin:/bin:/usr/games:/usr/local/games:/mnt/c/Windows/system32:/mnt/c/Windows:/mnt/c/Windows/System32/Wbem:/mnt/c/Windows/System32/WindowsPowerShell/v1.0/:/mnt/c/Windows/System32/OpenSSH/:/mnt/c/ProgramData/chocolatey/bin:/mnt/c/Program Files/Git/cmd:/mnt/c/Users/buyik/AppData/Local/Programs/Python/Python39:/mnt/c/Users/buyik/AppData/Local/Programs/Python/Python39/Scripts:/mnt/c/Program Files/Git:/mnt/c/Users/buyik/AppData/Roaming/nvm:/mnt/c/Program Files/nodejs:/mnt/c/Program Files/MongoDB/Server/4.4/bin:/mnt/c/Ruby27-x64/bin:/mnt/c/Users/buyik/AppData/Local/hyper/app-3.0.2/resources/bin:/mnt/c/Users/buyik/AppData/Local/Programs/Microsoft VS Code/bin:/mnt/c/Users/buyik/AppData/Roaming/nvm:/mnt/c/Program Files/nodejs:/mnt/c/Program Files/nodejs/node_modules/yarn/bin:/mnt/c/Program Files/nodejs/node_modules/npm/bin:/mnt/c/Users/buyik/AppData/Roaming/npm

Yarn version: 
  1.22.10

Node version: 
  10.23.1

Platform: 
  linux x64

Trace: 
  Error: getaddrinfo EAI_AGAIN registry.yarnpkg.com registry.yarnpkg.com:443
      at GetAddrInfoReqWrap.onlookup [as oncomplete] (dns.js:56:26)

npm manifest: 
  {
    "name": "api",
    "version": "1.0.0",
    "main": "index.js",
    "license": "MIT"
  }

yarn manifest: 
  No manifest

Lockfile: 
  No lockfile
